2019-09-19 7:39:52 PM	This log contains information about the import schema operation into project 'allowance-db' on computer 'CARLOR-BOOK2' by user 'carlor'.
2019-09-19 7:39:52 PM	Import of database schema has started.
2019-09-19 7:39:55 PM	Gathering logins
2019-09-19 7:41:01 PM	Gathering database credentials
2019-09-19 7:41:01 PM	Gathering database options
2019-09-19 7:41:01 PM	Gathering generic database scoped configuration option
2019-09-19 7:41:01 PM	Gathering users
2019-09-19 7:41:01 PM	Gathering roles
2019-09-19 7:41:01 PM	Gathering application roles
2019-09-19 7:41:01 PM	Gathering role memberships
2019-09-19 7:41:01 PM	Gathering filegroups
2019-09-19 7:41:01 PM	Gathering full-text catalogs
2019-09-19 7:41:01 PM	Gathering assemblies
2019-09-19 7:41:01 PM	Gathering certificates
2019-09-19 7:41:01 PM	Gathering symmetric keys
2019-09-19 7:41:01 PM	Gathering encrypted symmetric keys
2019-09-19 7:41:01 PM	Gathering schemas
2019-09-19 7:41:01 PM	Gathering XML schema collections
2019-09-19 7:41:01 PM	Gathering user-defined data types
2019-09-19 7:41:01 PM	Gathering user-defined types
2019-09-19 7:41:01 PM	Gathering table types
2019-09-19 7:41:01 PM	Gathering unique keys for table types
2019-09-19 7:41:01 PM	Gathering primary keys for table types
2019-09-19 7:41:01 PM	Gathering indexes for table types
2019-09-19 7:41:01 PM	Gathering check constraints for table types
2019-09-19 7:41:01 PM	Gathering default constraints for table types
2019-09-19 7:41:02 PM	Gathering partition functions
2019-09-19 7:41:02 PM	Gathering partition schemes
2019-09-19 7:41:02 PM	Gathering functions
2019-09-19 7:41:02 PM	Gathering encrypted functions
2019-09-19 7:41:02 PM	Gathering aggregates
2019-09-19 7:41:02 PM	Gathering procedures
2019-09-19 7:41:02 PM	Gathering encrypted procedures
2019-09-19 7:41:02 PM	Gathering tables
2019-09-19 7:41:02 PM	Gathering primary keys
2019-09-19 7:41:02 PM	Gathering unique constraints
2019-09-19 7:41:02 PM	Gathering foreign keys
2019-09-19 7:41:02 PM	Gathering default constraints
2019-09-19 7:41:02 PM	Gathering check constraints
2019-09-19 7:41:02 PM	Gathering views
2019-09-19 7:41:02 PM	Gathering encrypted views
2019-09-19 7:41:02 PM	Gathering indexes
2019-09-19 7:41:02 PM	Gathering statistics
2019-09-19 7:41:02 PM	Gathering full-text index stoplists
2019-09-19 7:41:02 PM	Gathering search property lists
2019-09-19 7:41:02 PM	Gathering search properties
2019-09-19 7:41:02 PM	Gathering full-text indexes
2019-09-19 7:41:02 PM	Gathering column store indexes
2019-09-19 7:41:02 PM	Gathering spatial indexes
2019-09-19 7:41:02 PM	Gathering XML indexes
2019-09-19 7:41:02 PM	Gathering Selective XML indexes
2019-09-19 7:41:02 PM	Gathering encrypted triggers
2019-09-19 7:41:02 PM	Gathering triggers
2019-09-19 7:41:02 PM	Gathering encrypted and clr ddl triggers
2019-09-19 7:41:02 PM	Gathering ddl triggers
2019-09-19 7:41:02 PM	Creating edge constraints
2019-09-19 7:41:02 PM	Gathering synonyms
2019-09-19 7:41:02 PM	Gathering defaults
2019-09-19 7:41:02 PM	Gathering data constraint uddt bindings
2019-09-19 7:41:02 PM	Gathering rules
2019-09-19 7:41:02 PM	Gathering data constraint uddt bindings
2019-09-19 7:41:02 PM	Gathering message types
2019-09-19 7:41:02 PM	Gathering queues
2019-09-19 7:41:03 PM	Gathering contracts
2019-09-19 7:41:03 PM	Gathering services
2019-09-19 7:41:03 PM	Gathering event notifications
2019-09-19 7:41:03 PM	Gathering remote service bindings
2019-09-19 7:41:03 PM	Gathering broker priorities
2019-09-19 7:41:03 PM	Gathering signatures
2019-09-19 7:41:03 PM	Gathering data compression options
2019-09-19 7:41:03 PM	Gathering sequence types
2019-09-19 7:41:03 PM	Gathering security policies
2019-09-19 7:41:03 PM	Gather column encryption keys
2019-09-19 7:41:03 PM	Gathering column master keys
2019-09-19 7:41:03 PM	Gathering external data sources
2019-09-19 7:41:03 PM	Gathering external tables
2019-09-19 7:41:03 PM	Gathering extended properties
2019-09-19 7:41:03 PM	Gathering logins
2019-09-19 7:41:05 PM	Scanning project for duplicate elements
2019-09-19 7:41:05 PM	Finished duplicate element processing
2019-09-19 7:41:06 PM	Finished importing database.
2019-09-19 7:41:06 PM	A summary of the import was saved to the following location: C:\Code\allowance-db\Import Schema Logs\allowance-db_20190919113952.log
2019-09-19 7:41:06 PM	Click Finish to continue...
